⚽ Football Predictor Backend running on http://localhost:3001
📊 API available at http://localhost:3001/api
[2026-03-03T21:43:39.859Z] GET /api/health
[2026-03-03T21:43:44.242Z] POST /api/scraper/fotmob
[2026-03-03T22:21:50.954Z] GET /api/teams
[2026-03-03T22:22:29.648Z] GET /api/matches
[2026-03-03T22:23:37.785Z] GET /api/matches
[2026-03-03T22:23:48.620Z] GET /api/matches
[2026-03-03T22:24:20.668Z] GET /api/matches
[2026-03-03T22:25:03.141Z] GET /api/bets/user1
[2026-03-03T22:25:16.105Z] GET /api/matches
[2026-03-03T22:25:24.110Z] POST /api/scraper/fotmob
[2026-03-03T22:49:44.649Z] GET /api/matches
[2026-03-03T22:49:58.284Z] GET /api/bets/user1
[2026-03-03T22:57:34.310Z] GET /api/bets/user1
[2026-03-03T22:57:35.767Z] GET /api/matches
[2026-03-03T22:57:40.295Z] GET /api/matches
[2026-03-03T22:57:50.297Z] GET /api/budget/user1
[2026-03-03T22:58:02.487Z] GET /api/matches/upcoming
[2026-03-03T22:58:02.512Z] GET /api/matches/upcoming
