[FotmobScraper] Fallback su match 4535247: FotMob API /api/matchDetails?matchId=4535247 returned 403
[FotmobScraper] Fallback su match 4535253: FotMob API /api/matchDetails?matchId=4535253 returned 403
[FotmobScraper] Fallback su match 4535252: FotMob API /api/matchDetails?matchId=4535252 returned 403
[FotmobScraper] Fallback su match 4535246: FotMob API /api/matchDetails?matchId=4535246 returned 403
[FotmobScraper] Fallback su match 4535244: FotMob API /api/matchDetails?matchId=4535244 returned 403
[FotmobScraper] Fallback su match 4535248: FotMob API /api/matchDetails?matchId=4535248 returned 403
[FotmobScraper] Fallback su match 4535245: FotMob API /api/matchDetails?matchId=4535245 returned 403
[FotmobScraper] Fallback su match 4535250: FotMob API /api/matchDetails?matchId=4535250 returned 403
[FotmobScraper] Altri 403 su /api/matchDetails omessi nei log per evitare spam.
[FotmobScraper] /api/matchDetails bloccata su 335 match in Serie A 2024/2025. Statistiche avanzate non disponibili per questi match.
[FotmobScraper] Fallback su match 4803040: FotMob API /api/matchDetails?matchId=4803040 returned 403
[FotmobScraper] Fallback su match 4803045: FotMob API /api/matchDetails?matchId=4803045 returned 403
[FotmobScraper] Fallback su match 4803043: FotMob API /api/matchDetails?matchId=4803043 returned 403
[FotmobScraper] Fallback su match 4803044: FotMob API /api/matchDetails?matchId=4803044 returned 403
[FotmobScraper] Fallback su match 4803038: FotMob API /api/matchDetails?matchId=4803038 returned 403
[FotmobScraper] Fallback su match 4803039: FotMob API /api/matchDetails?matchId=4803039 returned 403
[FotmobScraper] Fallback su match 4803037: FotMob API /api/matchDetails?matchId=4803037 returned 403
[FotmobScraper] Fallback su match 4803042: FotMob API /api/matchDetails?matchId=4803042 returned 403
[FotmobScraper] Altri 403 su /api/matchDetails omessi nei log per evitare spam.
[FotmobScraper] /api/matchDetails bloccata su 181 match in Serie A 2025/2026. Statistiche avanzate non disponibili per questi match.
[FotmobScraper] Fallback su match 4813374: FotMob API /api/matchDetails?matchId=4813374 returned 403
[FotmobScraper] Fallback su match 4813375: FotMob API /api/matchDetails?matchId=4813375 returned 403
[FotmobScraper] Fallback su match 4813376: FotMob API /api/matchDetails?matchId=4813376 returned 403
[FotmobScraper] Fallback su match 4813378: FotMob API /api/matchDetails?matchId=4813378 returned 403
[FotmobScraper] Fallback su match 4813379: FotMob API /api/matchDetails?matchId=4813379 returned 403
[FotmobScraper] Fallback su match 4813380: FotMob API /api/matchDetails?matchId=4813380 returned 403
[FotmobScraper] Fallback su match 4813381: FotMob API /api/matchDetails?matchId=4813381 returned 403
[FotmobScraper] Fallback su match 4813377: FotMob API /api/matchDetails?matchId=4813377 returned 403
[FotmobScraper] Altri 403 su /api/matchDetails omessi nei log per evitare spam.
[FotmobScraper] Fallback su match 4813601: page.evaluate: TypeError: Failed to fetch
    at https://www.fotmob.com/_next/static/chunks/pages/_app-fd2969d837735848.js:84:124384
    at eval (eval at evaluate (:290:30), <anonymous>:2:29)
    at UtilityScript.evaluate (<anonymous>:292:16)
    at UtilityScript.<anonymous> (<anonymous>:1:44)
[FotmobScraper] /api/matchDetails bloccata su 192 match in Premier League 2025/2026. Statistiche avanzate non disponibili per questi match.
